C51 COMPILER V9.60.7.0   LED                                                               09/27/2023 00:42:49 PAGE 1   


C51 COMPILER V9.60.7.0, COMPILATION OF MODULE LED
OBJECT MODULE PLACED IN .\Objects\LED.obj
COMPILER INVOKED BY: D:\Keil5\C51\BIN\C51.EXE Source_Group\LED.c OPTIMIZE(8,SPEED) BROWSE INCDIR(.\Header_Group;.\Source
                    -_Group) DEBUG OBJECTEXTEND PRINT(.\Listings\LED.lst) OBJECT(.\Objects\LED.obj)

line level    source

   1          #include "LED.h"
   2          
   3          /*
   4          *参数1:每个灯之间间隔的时间,单位ms
   5          *函数内只是执行一次流水灯操作,请自行调用的时候添加循环
   6          */
   7          void LED_flowing_water(const unsigned int xms)
   8          {
   9   1                      P2 = 0XFE;//1111 1110
  10   1                      Delay_ms(xms);
  11   1                      P2 = 0XFD;//1111 1101
  12   1                      Delay_ms(xms);
  13   1                      P2 = 0XFB;//1111 1011
  14   1                      Delay_ms(xms);
  15   1                      P2 = 0XF7;//1111 0111
  16   1                      Delay_ms(xms);
  17   1                      P2 = 0XEF;//1110 1111
  18   1                      Delay_ms(xms);
  19   1                      P2 = 0XDF;//1101 1111
  20   1                      Delay_ms(xms);
  21   1                      P2 = 0XBF;//1011 1110
  22   1                      Delay_ms(xms);
  23   1                      P2 = 0X7F;//0111 1111
  24   1                      Delay_ms(xms);
  25   1      }


MODULE INFORMATION:   STATIC OVERLAYABLE
   CODE SIZE        =     84    ----
   CONSTANT SIZE    =   ----    ----
   XDATA SIZE       =   ----    ----
   PDATA SIZE       =   ----    ----
   DATA SIZE        =   ----       2
   IDATA SIZE       =   ----    ----
   BIT SIZE         =   ----    ----
END OF MODULE INFORMATION.


C51 COMPILATION COMPLETE.  0 WARNING(S),  0 ERROR(S)
