C51 COMPILER V9.60.7.0   LED_SD                                                            09/27/2023 00:33:10 PAGE 1   


C51 COMPILER V9.60.7.0, COMPILATION OF MODULE LED_SD
OBJECT MODULE PLACED IN .\Objects\LED_SD.obj
COMPILER INVOKED BY: D:\Keil5\C51\BIN\C51.EXE Source_Group\LED_SD.c OPTIMIZE(8,SPEED) BROWSE INCDIR(.\Header_Group;.\Sou
                    -rce_Group) DEBUG OBJECTEXTEND PRINT(.\Listings\LED_SD.lst) OBJECT(.\Objects\LED_SD.obj)

line level    source

   1          #include "LED_SD.h"
   2          
   3          
   4          void DigitalTubeDisplay_Digit(const unsigned char LEDx,Num)
   5          {
   6   1              if(LEDx > 8 && Num > 9)
   7   1              {
   8   2                      return;
   9   2              }
  10   1              switch(LEDx)
  11   1              {
  12   2                      case 1:
  13   2                      {
  14   3                              //1 1 1 ÈÄâÊã©74HC138 Y7ÂºïËÑö‰ΩøËÉΩ
  15   3                              P24 = 1;
  16   3                              P23 = 1;
  17   3                              P22 = 1;
  18   3                              break;
  19   3                      }
  20   2                      case 2:
  21   2                      {
  22   3                              //1 1 0 ÈÄâÊã©74HC138 Y6ÂºïËÑö‰ΩøËÉΩ
  23   3                              P24 = 1;
  24   3                              P23 = 1;
  25   3                              P22 = 0;
  26   3                              break;
  27   3                      }
  28   2                      case 3:
  29   2                      {
  30   3                              //1 0 1 ÈÄâÊã©74HC138 Y5ÂºïËÑö‰ΩøËÉΩ
  31   3                              P24 = 1;
  32   3                              P23 = 0;
  33   3                              P22 = 1;
  34   3                              break;
  35   3                      }
  36   2                      case 4:
  37   2                      {
  38   3                              //1 0 0 ÈÄâÊã©74HC138 Y4ÂºïËÑö‰ΩøËÉΩ
  39   3                              P24 = 1;
  40   3                              P23 = 0;
  41   3                              P22 = 0;
  42   3                              break;
  43   3                      }
  44   2                      case 5:
  45   2                      {
  46   3                              //0 1 1 ÈÄâÊã©74HC138 Y3ÂºïËÑö‰ΩøËÉΩ
  47   3                              P24 = 0;
  48   3                              P23 = 1;
  49   3                              P22 = 1;
  50   3                              break;
  51   3                      }
  52   2                      case 6:
  53   2                      {
  54   3                              //0 1 0 ÈÄâÊã©74HC138 Y2ÂºïËÑö‰ΩøËÉΩ
C51 COMPILER V9.60.7.0   LED_SD                                                            09/27/2023 00:33:10 PAGE 2   

  55   3                              P24 = 0;
  56   3                              P23 = 1;
  57   3                              P22 = 0;
  58   3                              break;
  59   3                      }
  60   2                      case 7:
  61   2                      {
  62   3                              //0 0 1 ÈÄâÊã©74HC138 Y1ÂºïËÑö‰ΩøËÉΩ
  63   3                              P24 = 0;
  64   3                              P23 = 0;
  65   3                              P22 = 1;
  66   3                              break;
  67   3                      }
  68   2                      case 8:
  69   2                      {
  70   3                              //0 0 0 ÈÄâÊã©74HC138 Y0ÂºïËÑö‰ΩøËÉΩ
  71   3                              P24 = 0;
  72   3                              P23 = 0;
  73   3                              P22 = 0;
  74   3                              break;
  75   3                      }
  76   2              }
  77   1              P0 = DigitalTubeNum[Num];//74HC245ÂºïËÑöÂØπÂ∫îP0ÁªÑIOÂè£,ÊâÄ‰ª•ËøôÈáåÁõ¥Êé•ÁªôP0ÁªÑIOÂè£Áõ¥Êé•ËµãÂÄºË¶ÅÊò
             -æÁ§∫Êï∞Â≠óÁöÑÂØπÂ∫î‰∏ãÊ†á
  78   1      }


MODULE INFORMATION:   STATIC OVERLAYABLE
   CODE SIZE        =    116    ----
   CONSTANT SIZE    =   ----    ----
   XDATA SIZE       =   ----    ----
   PDATA SIZE       =   ----    ----
   DATA SIZE        =     10    ----
   IDATA SIZE       =   ----    ----
   BIT SIZE         =   ----    ----
END OF MODULE INFORMATION.


C51 COMPILATION COMPLETE.  0 WARNING(S),  0 ERROR(S)
