C51 COMPILER V9.60.7.0   MAIN                                                              09/27/2023 00:45:59 PAGE 1   


C51 COMPILER V9.60.7.0, COMPILATION OF MODULE MAIN
OBJECT MODULE PLACED IN .\Objects\main.obj
COMPILER INVOKED BY: D:\Keil5\C51\BIN\C51.EXE Source_Group\main.c OPTIMIZE(8,SPEED) BROWSE INCDIR(.\Header_Group;.\Sourc
                    -e_Group) DEBUG OBJECTEXTEND PRINT(.\Listings\main.lst) OBJECT(.\Objects\main.obj)

line level    source

   1          #include "LEDSD.h"//引入数码管头文件
   2          
   3          void main()
   4          {
   5   1              //调用数码管显示函数
   6   1              DigitalTubeDisplay_Digit(7,8);
   7   1              while(1)
   8   1              {
   9   2              }
  10   1      }


MODULE INFORMATION:   STATIC OVERLAYABLE
   CODE SIZE        =     11    ----
   CONSTANT SIZE    =   ----    ----
   XDATA SIZE       =   ----    ----
   PDATA SIZE       =   ----    ----
   DATA SIZE        =   ----    ----
   IDATA SIZE       =   ----    ----
   BIT SIZE         =   ----    ----
END OF MODULE INFORMATION.


C51 COMPILATION COMPLETE.  0 WARNING(S),  0 ERROR(S)
