C51 COMPILER V9.60.7.0   LED                                                               09/24/2023 22:00:38 PAGE 1   


C51 COMPILER V9.60.7.0, COMPILATION OF MODULE LED
OBJECT MODULE PLACED IN .\Objects\LED.obj
COMPILER INVOKED BY: D:\Keil5\C51\BIN\C51.EXE Source_Group\LED.c OPTIMIZE(8,SPEED) BROWSE INCDIR(.\Source_Group;.\Header
                    -_Group) DEBUG OBJECTEXTEND PRINT(.\Listings\LED.lst) TABS(2) OBJECT(.\Objects\LED.obj)

line level    source

   1          #include "LED.h"
   2          
   3          /*
   4          *参数1:指定灯的指定状态
   5          */
   6          void LED_set_state(unsigned char state)
   7          {
   8   1        P2 = state;
   9   1      }
  10          
  11          /*
  12          *参数1:每个灯之间间隔的时间,单位ms
  13          *函数内只是执行一次流水灯操作,请自行调用的时候添加循环
  14          */
  15          void LED_flowing_water(const unsigned int xms)
  16          {
  17   1          P2 = LED1_ON;//1111 1110
  18   1          Delay_ms(xms);
  19   1          P2 = LED2_ON;//1111 1101
  20   1          Delay_ms(xms);
  21   1          P2 = LED3_ON;//1111 1011
  22   1          Delay_ms(xms);
  23   1          P2 = LED4_ON;//1111 0111
  24   1          Delay_ms(xms);
  25   1          P2 = LED5_ON;//1110 1111
  26   1          Delay_ms(xms);
  27   1          P2 = LED6_ON;//1101 1111
  28   1          Delay_ms(xms);
  29   1          P2 = LED7_ON;//1011 1110
  30   1          Delay_ms(xms);
  31   1          P2 = LED8_ON;//0111 1111
  32   1          Delay_ms(xms);
  33   1      }


MODULE INFORMATION:   STATIC OVERLAYABLE
   CODE SIZE        =     87    ----
   CONSTANT SIZE    =   ----    ----
   XDATA SIZE       =   ----    ----
   PDATA SIZE       =   ----    ----
   DATA SIZE        =   ----       2
   IDATA SIZE       =   ----    ----
   BIT SIZE         =   ----    ----
END OF MODULE INFORMATION.


C51 COMPILATION COMPLETE.  0 WARNING(S),  0 ERROR(S)
