C51 COMPILER V9.60.7.0   MAIN                                                              09/25/2023 22:17:44 PAGE 1   


C51 COMPILER V9.60.7.0, COMPILATION OF MODULE MAIN
OBJECT MODULE PLACED IN .\Objects\main.obj
COMPILER INVOKED BY: D:\Keil5\C51\BIN\C51.EXE Source_Group\main.c OPTIMIZE(8,SPEED) BROWSE INCDIR(.\Source_Group;.\Heade
                    -r_Group) DEBUG OBJECTEXTEND PRINT(.\Listings\main.lst) OBJECT(.\Objects\main.obj)

line level    source

   1          #include "LED.h"//引入LED头文件
   2          #include "KEY.h"//引入KEY独立按键头文件
   3          
   4          void main()
   5          {
   6   1              unsigned char KEY_num = 0;//定义一个变量确定KEY按下的次数，按下KEY1就让这个数加1，
             -按下KEY2就让这个数减1
   7   1              P2 = 0XFE;//让LED灯组默认上电LED1亮
   8   1              while(1)
   9   1              {
  10   2                      if(KEY1 == 0)//先判断按键1是否按下
  11   2                      {
  12   3                              Delay_ms(15);//延时15ms消除抖动
  13   3                              while(KEY1 == 0);//如果KEY1一直被按下就,一直循环,知道松开不再循环
  14   3                              Delay_ms(15);//延时15ms消除抖动
  15   3                              if(KEY_num >= 7)
  16   3                              {
  17   4                                      KEY_num = -1;//当KEY_num >= 7的时候把KEY_num赋值成-1,然后下面先让KEY_num加1变成0,1<<0
             -位就是0000 0001,取反也就是1111 1110
  18   4                              }
  19   3                              P2 = ~(1 << (++KEY_num));//让1左移KEY_num加1 位,然后取反赋值给P2.举例:1 << 2 (0000 0100)
             -取反（1111 10111）
  20   3                      }
  21   2                      if(KEY2 == 0)//先判断按键2是否按下
  22   2                      {
  23   3                              Delay_ms(15);//延时15ms消除抖动
  24   3                              while(KEY2 == 0);//如果KEY2一直被按下就,一直循环,知道松开不再循环
  25   3                              Delay_ms(15);//延时15ms消除抖动
  26   3                              if(KEY_num <= 0)
  27   3                              {
  28   4                                      KEY_num = 8;//当KEY_num <= 0的时候把KEY_num赋值成7,然后下面先让KEY_num减1变成7,1<<7
             -就是1000 0000,取反也就是0111 1111
  29   4                              }
  30   3                              P2 = ~(1 << (--KEY_num));//让1左移KEY_num减1 位,然后取反赋值给P2.举例:1 << 2 (0000 0100)
             -取反（1111 10111）
  31   3                      }
  32   2                      
  33   2              }
  34   1      }


MODULE INFORMATION:   STATIC OVERLAYABLE
   CODE SIZE        =    104    ----
   CONSTANT SIZE    =   ----    ----
   XDATA SIZE       =   ----    ----
   PDATA SIZE       =   ----    ----
   DATA SIZE        =   ----       1
   IDATA SIZE       =   ----    ----
   BIT SIZE         =   ----    ----
END OF MODULE INFORMATION.


C51 COMPILATION COMPLETE.  0 WARNING(S),  0 ERROR(S)
